No files changed, compilation skipped

Ran 30 tests for test/unit/AcrossIntegration.t.sol:AcrossIntegrationTest
[PASS] testAddTrustedRelayer() (gas: 81374)
[PASS] testBridgeFeeConfigValidation() (gas: 14170)
[PASS] testBridgeToken() (gas: 244382)
[PASS] testCalculateBridgeCost() (gas: 21280)
[PASS] testEmergencyWithdrawERC20() (gas: 57835)
[PASS] testEmergencyWithdrawETH() (gas: 46963)
[PASS] testFallbackRelayerSelection() (gas: 18545)
[PASS] testFuzzBridgeFeeQuote(uint256,uint256) (runs: 257, μ: 25991, ~: 26061)
[PASS] testGetBridgeFeeQuote() (gas: 21364)
[PASS] testGetBridgeStatus() (gas: 12249)
[PASS] testGetMinMaxDepositAmounts() (gas: 16816)
[PASS] testGetOptimalRelayer() (gas: 18228)
[PASS] testGetSpokePool() (gas: 11106)
[PASS] testGetSupportedChains() (gas: 27870)
[PASS] testInitialization() (gas: 21111)
[PASS] testInvalidChainSupport() (gas: 13949)
[PASS] testIsChainSupported() (gas: 24803)
[PASS] testPauseOperations() (gas: 44879)
[PASS] testRelayerPerformanceValidation() (gas: 13246)
[PASS] testRemoveTrustedRelayer() (gas: 69610)
[PASS] testUpdateBridgeConfiguration() (gas: 36982)
[PASS] testUpdateBridgeFeeConfig() (gas: 33940)
[PASS] testUpdateBridgeTime() (gas: 30858)
[PASS] testUpdateChainConfiguration() (gas: 22234)
[PASS] testUpdateDepositLimits() (gas: 63702)
[PASS] testUpdateMinMaxAmounts() (gas: 258059)
[PASS] testUpdateRelayerPerformance() (gas: 83769)
[PASS] testUpdateSpokePool() (gas: 25008)
[PASS] testUpdateSpokePoolOnlyOwner() (gas: 14290)
[PASS] testValidateBridgeParams() (gas: 39686)
Suite result: ok. 30 passed; 0 failed; 0 skipped; finished in 72.64ms (71.79ms CPU time)

Ran 12 tests for test/unit/AllChainsIntegration.t.sol:AllChainsIntegrationTest
[PASS] testAllChainsSupported() (gas: 39810)
[PASS] testArbitrumChainSupport() (gas: 14633)
[PASS] testBaseChainSupport() (gas: 14655)
[PASS] testBridgeFeesForAllChains() (gas: 64584)
[PASS] testBridgeTimesConfiguration() (gas: 64285)
[PASS] testChainConstants() (gas: 4953)
[PASS] testConfigurationFilesExist() (gas: 31173)
[PASS] testEthereumChainSupport() (gas: 14832)
[PASS] testGetSupportedChains() (gas: 31181)
[PASS] testOptimismChainSupport() (gas: 14589)
[PASS] testPolygonChainSupport() (gas: 14350)
[PASS] testUnsupportedChain() (gas: 16738)
Suite result: ok. 12 passed; 0 failed; 0 skipped; finished in 1.38ms (935.44µs CPU time)

Ran 9 tests for test/unit/ChainUtils.t.sol:ChainUtilsTest
[PASS] testGetBlockTime() (gas: 5267)
[PASS] testGetBridgeTime() (gas: 4624)
[PASS] testGetChainName() (gas: 8878)
[PASS] testGetCongestionMultiplier() (gas: 4412)
[PASS] testGetFinalityTime() (gas: 5253)
[PASS] testGetSupportedChains() (gas: 6453)
[PASS] testIsLayer2() (gas: 4920)
[PASS] testIsSupportedChain() (gas: 5735)
[PASS] testValidateChainId() (gas: 10285)
Suite result: ok. 9 passed; 0 failed; 0 skipped; finished in 572.60µs (381.24µs CPU time)

Ran 24 tests for test/unit/ChainlinkIntegration.t.sol:ChainlinkIntegrationTest
[PASS] testAddPriceFeed() (gas: 100953)
[PASS] testAddPriceFeedInvalidAddress() (gas: 16394)
[PASS] testAddPriceFeedInvalidHeartbeat() (gas: 18089)
[PASS] testAddPriceFeedOnlyOwner() (gas: 17906)
[PASS] testCalculateGasCostUSD() (gas: 23210)
[PASS] testConvertFromUSD() (gas: 102100)
[PASS] testConvertToUSD() (gas: 102324)
[PASS] testConvertUnsupportedToken() (gas: 25189)
[PASS] testFuzzGasPriceCalculation(uint256,uint256) (runs: 257, μ: 28056, ~: 28062)
[PASS] testFuzzTokenConversion(uint256) (runs: 257, μ: 111081, ~: 111145)
[PASS] testGetETHPriceUSD() (gas: 23392)
[PASS] testGetGasPriceETH() (gas: 11152)
[PASS] testGetMultipleTokenPricesUSD() (gas: 118557)
[PASS] testGetTokenPriceETH() (gas: 22270)
[PASS] testGetTokenPriceUSD() (gas: 101708)
[PASS] testGetTokenPriceWETH() (gas: 22939)
[PASS] testInitialization() (gas: 16632)
[PASS] testIsPriceFeedValid() (gas: 100384)
[PASS] testIsPriceStale() (gas: 108437)
[PASS] testRemovePriceFeed() (gas: 84543)
[PASS] testUnsupportedTokenPrice() (gas: 15764)
[PASS] testUpdateETHPriceFeed() (gas: 35333)
[PASS] testUpdatePriceFeed() (gas: 474418)
[PASS] testUpdatePriceFeedUnsupportedToken() (gas: 387590)
Suite result: ok. 24 passed; 0 failed; 0 skipped; finished in 108.78ms (108.32ms CPU time)

Ran 16 tests for test/unit/CostCalculator.t.sol:CostCalculatorTest
[PASS] testCalculateBridgeFeeUSD() (gas: 20952)
[PASS] testCalculateGasCostUSD() (gas: 38592)
[PASS] testCalculateMEVProtectionFee() (gas: 8761)
[PASS] testCalculateSlippageCost() (gas: 8871)
[PASS] testCalculateTotalCost() (gas: 53586)
[PASS] testCostCalculationWithDifferentTokens() (gas: 68758)
[PASS] testCostParametersGetters() (gas: 21463)
[PASS] testCrossChainCostComparison() (gas: 134747)
[PASS] testEmergencyConfiguration() (gas: 41944)
[PASS] testFindOptimalChain() (gas: 134503)
[PASS] testGetCostBreakdown() (gas: 56978)
[PASS] testInvalidParameterValidation() (gas: 14045)
[PASS] testIsCostCalculationReliable() (gas: 22541)
[PASS] testOnlyOwnerCanUpdateParameters() (gas: 13955)
[PASS] testUpdateCostParameters() (gas: 41089)
[PASS] testValidateChainSupport() (gas: 11074)
Suite result: ok. 16 passed; 0 failed; 0 skipped; finished in 5.53ms (4.86ms CPU time)

Ran 2 tests for test/Counter.t.sol:CounterTest
[PASS] testFuzz_SetNumber(uint256) (runs: 257, μ: 31256, ~: 31256)
[PASS] test_Increment() (gas: 31262)
Suite result: ok. 2 passed; 0 failed; 0 skipped; finished in 10.62ms (10.43ms CPU time)

Ran 2 tests for test/coverage/CoverageReport.t.sol:CoverageReportTest
[PASS] testComponentsList() (gas: 23080)
[PASS] testCoverageReport() (gas: 18121)
Suite result: ok. 2 passed; 0 failed; 0 skipped; finished in 497.24µs (344.28µs CPU time)

Ran 5 tests for test/integration/CrossChainFlow.t.sol:CrossChainFlowTest
[PASS] testCrossChainSwapFlow() (gas: 373107)
[PASS] testEmergencyRecovery() (gas: 294067)
[PASS] testInvalidChain() (gas: 31123)
[PASS] testMultipleUserSwaps() (gas: 549699)
[PASS] testPauseOperations() (gas: 33011)
Suite result: ok. 5 passed; 0 failed; 0 skipped; finished in 1.33ms (593.40µs CPU time)

Ran 20 tests for test/unit/CrossChainManager.t.sol:CrossChainManagerTest
[PASS] testBatchOperations() (gas: 753538)
[PASS] testChainConfiguration() (gas: 314164)
[PASS] testChainConfigurationUpdates() (gas: 17787)
[PASS] testCompleteSwapFlow() (gas: 343560)
[PASS] testCompleteSwapValidation() (gas: 18241)
[PASS] testEmergencyRecovery() (gas: 302317)
[PASS] testEmergencyRecoveryByOwner() (gas: 293686)
[PASS] testGetStatistics() (gas: 359058)
[PASS] testInitiateCrossChainSwap() (gas: 306323)
[PASS] testInvalidDestinationChain() (gas: 25364)
[PASS] testInvalidParameters() (gas: 48522)
[PASS] testMaxActiveSwapsLimit() (gas: 1215958)
[PASS] testOwnerEmergencyRecovery() (gas: 294550)
[PASS] testPauseOperations() (gas: 309726)
[PASS] testStatisticsTracking() (gas: 334574)
[PASS] testSwapDataValidation() (gas: 292409)
[PASS] testSwapTimeout() (gas: 292636)
[PASS] testUnauthorizedRecovery() (gas: 299848)
[PASS] testUpdateBridgeIntegration() (gas: 18413)
[PASS] testUserActiveSwaps() (gas: 592565)
Suite result: ok. 20 passed; 0 failed; 0 skipped; finished in 2.51ms (2.06ms CPU time)

Ran 12 tests for test/unit/GasCalculations.t.sol:GasCalculationsTest
[PASS] testApplyGasSafetyMargin() (gas: 3462)
[PASS] testBasisPointsToPercentage() (gas: 4327)
[PASS] testCalculateAbsoluteSavings() (gas: 3154)
[PASS] testCalculateCrossChainGasUsage() (gas: 3938)
[PASS] testCalculateGasCostWei() (gas: 3090)
[PASS] testCalculateSavingsPercent() (gas: 3528)
[PASS] testCalculateSavingsPercentNoSavings() (gas: 3241)
[PASS] testDoesNotMeetAbsoluteThreshold() (gas: 3566)
[PASS] testDoesNotMeetPercentageThreshold() (gas: 3302)
[PASS] testGasEstimations() (gas: 4552)
[PASS] testMeetsSavingsThreshold() (gas: 3100)
[PASS] testValidateGasPrice() (gas: 4150)
Suite result: ok. 12 passed; 0 failed; 0 skipped; finished in 529.88µs (388.04µs CPU time)

Ran 3 tests for test/unit/GasOptimizationHook.t.sol:GasOptimizationHookTest
[PASS] testCostCalculatorIntegration() (gas: 143909)
[PASS] testCrossChainManagerIntegration() (gas: 6677)
[PASS] testHookLogicWithoutPoolManager() (gas: 4749)
Suite result: ok. 3 passed; 0 failed; 0 skipped; finished in 1.27ms (514.28µs CPU time)

Ran 18 tests for test/unit/GasOptimizationHookDetailed.t.sol:GasOptimizationHookDetailedTest
[PASS] testBeforeSwapCrossChainExecution() (gas: 45061)
[FAIL: expected an emit, but no logs were emitted afterwards. you might have mismatched events or not enough events were emitted] testBeforeSwapLocalExecution() (gas: 45791)
[PASS] testCalculateDeadline() (gas: 44958)
[PASS] testCurrentChainId() (gas: 40497)
[PASS] testGetOptimizationQuote() (gas: 45611)
[PASS] testGetOptimizationQuoteNoOptimization() (gas: 40809)
[PASS] testGetSystemMetrics() (gas: 13864)
[PASS] testGetUserPreferencesDefaults() (gas: 31336)
[FAIL: assertion failed] testGetUserPreferencesDisabledOptimization() (gas: 136622)
[PASS] testGetUserSavings() (gas: 13684)
[PASS] testHookPermissions() (gas: 22658)
[PASS] testInitialization() (gas: 34471)
[PASS] testPauseHook() (gas: 20924)
[PASS] testPauseHookOnlyOwner() (gas: 11071)
[PASS] testSetUserPreferences() (gas: 104697)
[PASS] testUpdateSystemConfiguration() (gas: 34468)
[PASS] testUpdateSystemConfigurationOnlyOwner() (gas: 11204)
[PASS] testValidateSwapParams() (gas: 40334)
Suite result: FAILED. 16 passed; 2 failed; 0 skipped; finished in 376.97ms (1.47ms CPU time)

Ran 8 tests for test/unit/GasPriceOracle.t.sol:GasPriceOracleTest
[PASS] testGasPriceTrend() (gas: 248088)
[PASS] testGetSupportedChains() (gas: 11381)
[PASS] testInvalidChainId() (gas: 15052)
[PASS] testOnlyKeeperCanUpdate() (gas: 16337)
[PASS] testOwnerCanUpdate() (gas: 131692)
[PASS] testUpdateGasPrices() (gas: 246012)
[PASS] testUpdateKeeper() (gas: 20956)
[PASS] testValidateGasPrice() (gas: 12020)
Suite result: ok. 8 passed; 0 failed; 0 skipped; finished in 906.28µs (600.96µs CPU time)

Ran 1 test for test/fork/MainnetFork.t.sol:MainnetForkTest
[SKIP: skipped] setUp() (gas: 0)
Suite result: ok. 0 passed; 0 failed; 1 skipped; finished in 300.16µs (0.00ns CPU time)

Ran 26 tests for test/unit/OptimizedBaseHook.t.sol:OptimizedBaseHookTest
[PASS] testCalculateDeadline() (gas: 9052)
[PASS] testEmergencyWithdrawERC20() (gas: 52438)
[PASS] testEmergencyWithdrawETH() (gas: 48749)
[PASS] testEmergencyWithdrawOnlyOwner() (gas: 18035)
[PASS] testEmergencyWithdrawZeroAddress() (gas: 15577)
[PASS] testFuzzCalculateDeadline(uint256) (runs: 257, μ: 13232, ~: 13412)
[PASS] testFuzzEmergencyWithdraw(uint256,address) (runs: 257, μ: 57276, ~: 57087)
[PASS] testFuzzSafeTransfer(uint256,address) (runs: 257, μ: 50224, ~: 50084)
[PASS] testGetCurrentChainId() (gas: 8756)
[PASS] testGetTokenBalanceERC20() (gas: 16309)
[PASS] testGetTokenBalanceETH() (gas: 9202)
[PASS] testInitialization() (gas: 16489)
[PASS] testOwnershipTransfer() (gas: 19033)
[PASS] testPauseHook() (gas: 28514)
[PASS] testPauseHookOnlyOwner() (gas: 13557)
[PASS] testReceiveETH() (gas: 18245)
[PASS] testReentrancyGuard() (gas: 3121)
[PASS] testSafeTransferERC20() (gas: 48470)
[PASS] testSafeTransferETH() (gas: 44377)
[PASS] testSafeTransferFromERC20() (gas: 56965)
[PASS] testSafeTransferFromZeroAddress() (gas: 18475)
[PASS] testSafeTransferZeroAddress() (gas: 11146)
[PASS] testSwapParamsEdgeCases() (gas: 7878)
[PASS] testValidPoolKeyModifier() (gas: 841)
[PASS] testValidateSwapParams() (gas: 10245)
[PASS] testWhenNotPausedModifier() (gas: 36744)
Suite result: ok. 26 passed; 0 failed; 0 skipped; finished in 51.36ms (50.95ms CPU time)

Ran 26 tests for test/unit/OptimizedBaseHookDetailed.t.sol:OptimizedBaseHookDetailedTest
[FAIL: assertion failed: 4601 != 3601] testCalculateDeadline() (gas: 11516)
[PASS] testEmergencyWithdrawERC20() (gas: 50670)
[PASS] testEmergencyWithdrawETH() (gas: 46848)
[PASS] testEmergencyWithdrawOnlyOwner() (gas: 15573)
[PASS] testEmergencyWithdrawZeroAddress() (gas: 15613)
[PASS] testFuzzCalculateDeadline(uint256) (runs: 257, μ: 13141, ~: 13318)
[PASS] testFuzzEmergencyWithdraw(uint256,address) (runs: 257, μ: 53784, ~: 53610)
[PASS] testFuzzSafeTransfer(uint256,address) (runs: 257, μ: 49660, ~: 49494)
[PASS] testGetCurrentChainId() (gas: 8902)
[PASS] testGetHookPermissions() (gas: 17072)
[PASS] testGetTokenBalanceERC20() (gas: 19290)
[PASS] testGetTokenBalanceETH() (gas: 11874)
[PASS] testInitialization() (gas: 20409)
[PASS] testNonReentrantModifier() (gas: 21799238)
[PASS] testOwnershipTransfer() (gas: 46933)
[PASS] testPauseHook() (gas: 29093)
[PASS] testPauseHookOnlyOwner() (gas: 11115)
[PASS] testReceiveETH() (gas: 18770)
[PASS] testReentrancyGuard() (gas: 68980)
[PASS] testSafeTransfer() (gas: 47060)
[PASS] testSafeTransferFrom() (gas: 53950)
[PASS] testSafeTransferFromZeroAddress() (gas: 18913)
[PASS] testSafeTransferZeroAddress() (gas: 15501)
[PASS] testValidPoolKeyModifier() (gas: 76292)
[PASS] testValidateSwapParams() (gas: 10384)
[PASS] testWhenNotPausedModifier() (gas: 75904)
Suite result: FAILED. 25 passed; 1 failed; 0 skipped; finished in 645.73ms (509.55ms CPU time)

Ran 9 tests for test/unit/StorageContracts.t.sol:StorageContractsTest
[PASS] testCrossChainStorageLayout() (gas: 8263)
[PASS] testCrossChainStorageSlot() (gas: 3513)
[PASS] testFuzzSwapStatusConversion(uint8) (runs: 256, μ: 9090, ~: 9090)
[PASS] testFuzzSwapStatusReconversion(uint8) (runs: 256, μ: 9312, ~: 9312)
[PASS] testGasOptimizationStorageLayout() (gas: 8527)
[PASS] testGasOptimizationStorageSlot() (gas: 3078)
[PASS] testStorageStructSizes() (gas: 5082)
[PASS] testSwapStatusConversions() (gas: 15210)
[PASS] testSwapStatusReconversions() (gas: 15692)
Suite result: ok. 9 passed; 0 failed; 0 skipped; finished in 42.91ms (42.69ms CPU time)

Ran 2 tests for test/unit/StorageContracts.t.sol:TestStorageContract
[PASS] testCrossChainLayout() (gas: 124)
[PASS] testGasOptimizationLayout() (gas: 146)
Suite result: ok. 2 passed; 0 failed; 0 skipped; finished in 148.52µs (49.80µs CPU time)

Ran 20 tests for test/unit/UniswapV4Integration.t.sol:UniswapV4IntegrationTest
[FAIL: EvmError: Revert] testAddPoolToMonitoring() (gas: 46626)
[PASS] testEmergencyWithdrawERC20() (gas: 47211)
[PASS] testEmergencyWithdrawETH() (gas: 46934)
[FAIL: InvalidSwapParams()] testExecuteSwapWithSlippage() (gas: 54747)
[FAIL: Error != expected error: InvalidSwapParams() != ExceedsMaxSlippage()] testExecuteSwapWithSlippageRevert() (gas: 55544)
[FAIL: EvmError: Revert] testGetLiquidityDepth() (gas: 16139)
[PASS] testGetOptimalFeeTier() (gas: 16636)
[FAIL: EvmError: Revert] testGetPoolLiquidityInfo() (gas: 23154)
[FAIL: EvmError: Revert] testGetPoolState() (gas: 23197)
[FAIL: assertion failed] testGetSwapQuote() (gas: 23939)
[PASS] testHasInsufficientLiquidity() (gas: 15672)
[FAIL: assertion failed] testHasSufficientLiquidity() (gas: 15527)
[PASS] testInitialization() (gas: 23317)
[FAIL: assertion failed] testInternalFunctions() (gas: 15307)
[PASS] testOnlyOwnerModifiers() (gas: 33195)
[PASS] testReceiveETH() (gas: 18495)
[FAIL: EvmError: Revert] testRemovePoolFromMonitoring() (gas: 47066)
[FAIL: EvmError: Revert] testSimulateSwap() (gas: 25302)
[PASS] testUpdateSlippageSettings() (gas: 19364)
[PASS] testUpdateSlippageSettingsRevert() (gas: 13342)
Suite result: FAILED. 9 passed; 11 failed; 0 skipped; finished in 2.12ms (1.52ms CPU time)

Ran 19 test suites in 1.33s (1.33s CPU time): 230 tests passed, 14 failed, 1 skipped (245 total tests)

Failing tests:
Encountered 2 failing tests in test/unit/GasOptimizationHookDetailed.t.sol:GasOptimizationHookDetailedTest
[FAIL: expected an emit, but no logs were emitted afterwards. you might have mismatched events or not enough events were emitted] testBeforeSwapLocalExecution() (gas: 45791)
[FAIL: assertion failed] testGetUserPreferencesDisabledOptimization() (gas: 136622)

Encountered 1 failing test in test/unit/OptimizedBaseHookDetailed.t.sol:OptimizedBaseHookDetailedTest
[FAIL: assertion failed: 4601 != 3601] testCalculateDeadline() (gas: 11516)

Encountered 11 failing tests in test/unit/UniswapV4Integration.t.sol:UniswapV4IntegrationTest
[FAIL: EvmError: Revert] testAddPoolToMonitoring() (gas: 46626)
[FAIL: InvalidSwapParams()] testExecuteSwapWithSlippage() (gas: 54747)
[FAIL: Error != expected error: InvalidSwapParams() != ExceedsMaxSlippage()] testExecuteSwapWithSlippageRevert() (gas: 55544)
[FAIL: EvmError: Revert] testGetLiquidityDepth() (gas: 16139)
[FAIL: EvmError: Revert] testGetPoolLiquidityInfo() (gas: 23154)
[FAIL: EvmError: Revert] testGetPoolState() (gas: 23197)
[FAIL: assertion failed] testGetSwapQuote() (gas: 23939)
[FAIL: assertion failed] testHasSufficientLiquidity() (gas: 15527)
[FAIL: assertion failed] testInternalFunctions() (gas: 15307)
[FAIL: EvmError: Revert] testRemovePoolFromMonitoring() (gas: 47066)
[FAIL: EvmError: Revert] testSimulateSwap() (gas: 25302)

Encountered a total of 14 failing tests, 230 tests succeeded
